Welcome to UMB Scheme, version 3.2  Copyright (c) 1988,1996 William R Campbell.
UMB Scheme comes with ABSOLUTELY NO WARRANTY. This is free software and
you are free to redistribute it under certain conditions.
See the UMB Scheme Release Notes for details. Type Control-d to exit.

Loading /home/offner/tools/lib/prelude.scheme...

==> 
stream-car
==> 
stream-cdr
==> 
stream-null?
==> 
the-empty-stream
==> 
stream-foreach
==> 
stream-filter
==> 
display-n
==> 
stream-map
==> 
ones
==> 
add-streams
==> 
integers
==> 
no235?
==> 
not-div235
==> 